0:	learn: 0.8159645	test: 0.4125000	best: 0.4125000 (0)	total: 90.5ms	remaining: 18s
1:	learn: 0.9379157	test: 0.5375000	best: 0.5375000 (1)	total: 136ms	remaining: 13.5s
2:	learn: 0.9800443	test: 0.5875000	best: 0.5875000 (2)	total: 175ms	remaining: 11.5s
3:	learn: 0.9822616	test: 0.5875000	best: 0.5875000 (2)	total: 212ms	remaining: 10.4s
4:	learn: 0.9977827	test: 0.5875000	best: 0.5875000 (2)	total: 249ms	remaining: 9.72s
5:	learn: 1.0000000	test: 0.6000000	best: 0.6000000 (5)	total: 283ms	remaining: 9.15s
6:	learn: 1.0000000	test: 0.6500000	best: 0.6500000 (6)	total: 312ms	remaining: 8.59s
7:	learn: 1.0000000	test: 0.6500000	best: 0.6500000 (6)	total: 339ms	remaining: 8.13s
8:	learn: 1.0000000	test: 0.6500000	best: 0.6500000 (6)	total: 368ms	remaining: 7.81s
9:	learn: 1.0000000	test: 0.6375000	best: 0.6500000 (6)	total: 395ms	remaining: 7.51s
10:	learn: 1.0000000	test: 0.6500000	best: 0.6500000 (6)	total: 423ms	remaining: 7.26s
11:	learn: 1.0000000	test: 0.6625000	best: 0.6625000 (11)	total: 448ms	remaining: 7.01s
12:	learn: 1.0000000	test: 0.6625000	best: 0.6625000 (11)	total: 471ms	remaining: 6.78s
13:	learn: 1.0000000	test: 0.6625000	best: 0.6625000 (11)	total: 496ms	remaining: 6.59s
14:	learn: 1.0000000	test: 0.6250000	best: 0.6625000 (11)	total: 520ms	remaining: 6.42s
15:	learn: 1.0000000	test: 0.6500000	best: 0.6625000 (11)	total: 545ms	remaining: 6.27s
16:	learn: 1.0000000	test: 0.6625000	best: 0.6625000 (11)	total: 570ms	remaining: 6.14s
17:	learn: 1.0000000	test: 0.6500000	best: 0.6625000 (11)	total: 595ms	remaining: 6.02s
18:	learn: 1.0000000	test: 0.6625000	best: 0.6625000 (11)	total: 619ms	remaining: 5.9s
19:	learn: 1.0000000	test: 0.6625000	best: 0.6625000 (11)	total: 642ms	remaining: 5.78s
20:	learn: 1.0000000	test: 0.6500000	best: 0.6625000 (11)	total: 666ms	remaining: 5.68s
21:	learn: 1.0000000	test: 0.6625000	best: 0.6625000 (11)	total: 690ms	remaining: 5.58s
22:	learn: 1.0000000	test: 0.6625000	best: 0.6625000 (11)	total: 714ms	remaining: 5.5s
23:	learn: 1.0000000	test: 0.6750000	best: 0.6750000 (23)	total: 737ms	remaining: 5.41s
24:	learn: 1.0000000	test: 0.6875000	best: 0.6875000 (24)	total: 762ms	remaining: 5.33s
25:	learn: 1.0000000	test: 0.6875000	best: 0.6875000 (24)	total: 785ms	remaining: 5.25s
26:	learn: 1.0000000	test: 0.7000000	best: 0.7000000 (26)	total: 807ms	remaining: 5.17s
27:	learn: 1.0000000	test: 0.7000000	best: 0.7000000 (26)	total: 830ms	remaining: 5.1s
28:	learn: 1.0000000	test: 0.7000000	best: 0.7000000 (26)	total: 852ms	remaining: 5.03s
29:	learn: 1.0000000	test: 0.6875000	best: 0.7000000 (26)	total: 875ms	remaining: 4.96s
30:	learn: 1.0000000	test: 0.6875000	best: 0.7000000 (26)	total: 897ms	remaining: 4.89s
31:	learn: 1.0000000	test: 0.6875000	best: 0.7000000 (26)	total: 919ms	remaining: 4.83s
32:	learn: 1.0000000	test: 0.6875000	best: 0.7000000 (26)	total: 942ms	remaining: 4.77s
33:	learn: 1.0000000	test: 0.6875000	best: 0.7000000 (26)	total: 964ms	remaining: 4.71s
34:	learn: 1.0000000	test: 0.6875000	best: 0.7000000 (26)	total: 987ms	remaining: 4.65s
35:	learn: 1.0000000	test: 0.6875000	best: 0.7000000 (26)	total: 1.01s	remaining: 4.6s
36:	learn: 1.0000000	test: 0.6875000	best: 0.7000000 (26)	total: 1.03s	remaining: 4.54s
37:	learn: 1.0000000	test: 0.6875000	best: 0.7000000 (26)	total: 1.05s	remaining: 4.49s
38:	learn: 1.0000000	test: 0.6875000	best: 0.7000000 (26)	total: 1.08s	remaining: 4.44s
39:	learn: 1.0000000	test: 0.6875000	best: 0.7000000 (26)	total: 1.1s	remaining: 4.39s
40:	learn: 1.0000000	test: 0.6875000	best: 0.7000000 (26)	total: 1.12s	remaining: 4.35s
41:	learn: 1.0000000	test: 0.6875000	best: 0.7000000 (26)	total: 1.14s	remaining: 4.3s
42:	learn: 1.0000000	test: 0.6750000	best: 0.7000000 (26)	total: 1.17s	remaining: 4.25s
43:	learn: 1.0000000	test: 0.6750000	best: 0.7000000 (26)	total: 1.19s	remaining: 4.21s
44:	learn: 1.0000000	test: 0.6750000	best: 0.7000000 (26)	total: 1.21s	remaining: 4.17s
45:	learn: 1.0000000	test: 0.6750000	best: 0.7000000 (26)	total: 1.23s	remaining: 4.13s
46:	learn: 1.0000000	test: 0.6875000	best: 0.7000000 (26)	total: 1.26s	remaining: 4.09s
47:	learn: 1.0000000	test: 0.6750000	best: 0.7000000 (26)	total: 1.28s	remaining: 4.05s
48:	learn: 1.0000000	test: 0.6750000	best: 0.7000000 (26)	total: 1.3s	remaining: 4.01s
49:	learn: 1.0000000	test: 0.6750000	best: 0.7000000 (26)	total: 1.32s	remaining: 3.97s
50:	learn: 1.0000000	test: 0.6750000	best: 0.7000000 (26)	total: 1.35s	remaining: 3.93s
51:	learn: 1.0000000	test: 0.6875000	best: 0.7000000 (26)	total: 1.37s	remaining: 3.9s
52:	learn: 1.0000000	test: 0.6875000	best: 0.7000000 (26)	total: 1.39s	remaining: 3.86s
53:	learn: 1.0000000	test: 0.6875000	best: 0.7000000 (26)	total: 1.42s	remaining: 3.83s
54:	learn: 1.0000000	test: 0.6750000	best: 0.7000000 (26)	total: 1.44s	remaining: 3.8s
55:	learn: 1.0000000	test: 0.6750000	best: 0.7000000 (26)	total: 1.46s	remaining: 3.76s
56:	learn: 1.0000000	test: 0.6750000	best: 0.7000000 (26)	total: 1.49s	remaining: 3.73s
57:	learn: 1.0000000	test: 0.6750000	best: 0.7000000 (26)	total: 1.51s	remaining: 3.69s
58:	learn: 1.0000000	test: 0.6750000	best: 0.7000000 (26)	total: 1.53s	remaining: 3.66s
59:	learn: 1.0000000	test: 0.6750000	best: 0.7000000 (26)	total: 1.56s	remaining: 3.63s
60:	learn: 1.0000000	test: 0.6750000	best: 0.7000000 (26)	total: 1.58s	remaining: 3.6s
61:	learn: 1.0000000	test: 0.6750000	best: 0.7000000 (26)	total: 1.6s	remaining: 3.56s
62:	learn: 1.0000000	test: 0.6750000	best: 0.7000000 (26)	total: 1.62s	remaining: 3.53s
63:	learn: 1.0000000	test: 0.6750000	best: 0.7000000 (26)	total: 1.65s	remaining: 3.5s
64:	learn: 1.0000000	test: 0.6750000	best: 0.7000000 (26)	total: 1.67s	remaining: 3.46s
65:	learn: 1.0000000	test: 0.6750000	best: 0.7000000 (26)	total: 1.69s	remaining: 3.43s
66:	learn: 1.0000000	test: 0.6750000	best: 0.7000000 (26)	total: 1.71s	remaining: 3.4s
67:	learn: 1.0000000	test: 0.6750000	best: 0.7000000 (26)	total: 1.73s	remaining: 3.37s
68:	learn: 1.0000000	test: 0.6750000	best: 0.7000000 (26)	total: 1.76s	remaining: 3.33s
69:	learn: 1.0000000	test: 0.6750000	best: 0.7000000 (26)	total: 1.78s	remaining: 3.3s
70:	learn: 1.0000000	test: 0.6750000	best: 0.7000000 (26)	total: 1.8s	remaining: 3.27s
71:	learn: 1.0000000	test: 0.6750000	best: 0.7000000 (26)	total: 1.82s	remaining: 3.24s
72:	learn: 1.0000000	test: 0.6750000	best: 0.7000000 (26)	total: 1.84s	remaining: 3.21s
73:	learn: 1.0000000	test: 0.6750000	best: 0.7000000 (26)	total: 1.86s	remaining: 3.18s
74:	learn: 1.0000000	test: 0.6875000	best: 0.7000000 (26)	total: 1.89s	remaining: 3.15s
75:	learn: 1.0000000	test: 0.6875000	best: 0.7000000 (26)	total: 1.91s	remaining: 3.12s
76:	learn: 1.0000000	test: 0.6875000	best: 0.7000000 (26)	total: 1.93s	remaining: 3.09s
77:	learn: 1.0000000	test: 0.6875000	best: 0.7000000 (26)	total: 1.96s	remaining: 3.06s
78:	learn: 1.0000000	test: 0.6875000	best: 0.7000000 (26)	total: 1.98s	remaining: 3.03s
79:	learn: 1.0000000	test: 0.6875000	best: 0.7000000 (26)	total: 2s	remaining: 3s
80:	learn: 1.0000000	test: 0.6875000	best: 0.7000000 (26)	total: 2.02s	remaining: 2.97s
81:	learn: 1.0000000	test: 0.6875000	best: 0.7000000 (26)	total: 2.04s	remaining: 2.94s
82:	learn: 1.0000000	test: 0.6875000	best: 0.7000000 (26)	total: 2.06s	remaining: 2.91s
83:	learn: 1.0000000	test: 0.6875000	best: 0.7000000 (26)	total: 2.08s	remaining: 2.88s
84:	learn: 1.0000000	test: 0.6875000	best: 0.7000000 (26)	total: 2.11s	remaining: 2.85s
85:	learn: 1.0000000	test: 0.6875000	best: 0.7000000 (26)	total: 2.13s	remaining: 2.82s
86:	learn: 1.0000000	test: 0.6875000	best: 0.7000000 (26)	total: 2.15s	remaining: 2.79s
87:	learn: 1.0000000	test: 0.6875000	best: 0.7000000 (26)	total: 2.17s	remaining: 2.76s
88:	learn: 1.0000000	test: 0.6875000	best: 0.7000000 (26)	total: 2.19s	remaining: 2.73s
89:	learn: 1.0000000	test: 0.6875000	best: 0.7000000 (26)	total: 2.21s	remaining: 2.71s
90:	learn: 1.0000000	test: 0.6875000	best: 0.7000000 (26)	total: 2.23s	remaining: 2.68s
91:	learn: 1.0000000	test: 0.6875000	best: 0.7000000 (26)	total: 2.26s	remaining: 2.65s
92:	learn: 1.0000000	test: 0.6875000	best: 0.7000000 (26)	total: 2.28s	remaining: 2.62s
93:	learn: 1.0000000	test: 0.6875000	best: 0.7000000 (26)	total: 2.3s	remaining: 2.59s
94:	learn: 1.0000000	test: 0.6875000	best: 0.7000000 (26)	total: 2.32s	remaining: 2.57s
95:	learn: 1.0000000	test: 0.6875000	best: 0.7000000 (26)	total: 2.34s	remaining: 2.54s
96:	learn: 1.0000000	test: 0.6875000	best: 0.7000000 (26)	total: 2.37s	remaining: 2.51s
97:	learn: 1.0000000	test: 0.6875000	best: 0.7000000 (26)	total: 2.39s	remaining: 2.49s
98:	learn: 1.0000000	test: 0.6875000	best: 0.7000000 (26)	total: 2.41s	remaining: 2.46s
99:	learn: 1.0000000	test: 0.6875000	best: 0.7000000 (26)	total: 2.43s	remaining: 2.43s
100:	learn: 1.0000000	test: 0.6875000	best: 0.7000000 (26)	total: 2.46s	remaining: 2.41s
101:	learn: 1.0000000	test: 0.6875000	best: 0.7000000 (26)	total: 2.48s	remaining: 2.38s
102:	learn: 1.0000000	test: 0.6875000	best: 0.7000000 (26)	total: 2.5s	remaining: 2.35s
103:	learn: 1.0000000	test: 0.6875000	best: 0.7000000 (26)	total: 2.52s	remaining: 2.33s
104:	learn: 1.0000000	test: 0.6875000	best: 0.7000000 (26)	total: 2.55s	remaining: 2.3s
105:	learn: 1.0000000	test: 0.6875000	best: 0.7000000 (26)	total: 2.57s	remaining: 2.28s
106:	learn: 1.0000000	test: 0.6875000	best: 0.7000000 (26)	total: 2.59s	remaining: 2.25s
107:	learn: 1.0000000	test: 0.6875000	best: 0.7000000 (26)	total: 2.62s	remaining: 2.23s
108:	learn: 1.0000000	test: 0.6875000	best: 0.7000000 (26)	total: 2.64s	remaining: 2.2s
109:	learn: 1.0000000	test: 0.6875000	best: 0.7000000 (26)	total: 2.66s	remaining: 2.18s
110:	learn: 1.0000000	test: 0.6875000	best: 0.7000000 (26)	total: 2.68s	remaining: 2.15s
111:	learn: 1.0000000	test: 0.6875000	best: 0.7000000 (26)	total: 2.71s	remaining: 2.13s
112:	learn: 1.0000000	test: 0.6750000	best: 0.7000000 (26)	total: 2.73s	remaining: 2.1s
113:	learn: 1.0000000	test: 0.6875000	best: 0.7000000 (26)	total: 2.75s	remaining: 2.07s
114:	learn: 1.0000000	test: 0.6750000	best: 0.7000000 (26)	total: 2.77s	remaining: 2.05s
115:	learn: 1.0000000	test: 0.6750000	best: 0.7000000 (26)	total: 2.79s	remaining: 2.02s
116:	learn: 1.0000000	test: 0.6750000	best: 0.7000000 (26)	total: 2.81s	remaining: 2s
117:	learn: 1.0000000	test: 0.6875000	best: 0.7000000 (26)	total: 2.84s	remaining: 1.97s
118:	learn: 1.0000000	test: 0.6750000	best: 0.7000000 (26)	total: 2.86s	remaining: 1.95s
119:	learn: 1.0000000	test: 0.6750000	best: 0.7000000 (26)	total: 2.88s	remaining: 1.92s
120:	learn: 1.0000000	test: 0.6875000	best: 0.7000000 (26)	total: 2.9s	remaining: 1.9s
121:	learn: 1.0000000	test: 0.6875000	best: 0.7000000 (26)	total: 2.92s	remaining: 1.87s
122:	learn: 1.0000000	test: 0.6875000	best: 0.7000000 (26)	total: 2.95s	remaining: 1.84s
123:	learn: 1.0000000	test: 0.6750000	best: 0.7000000 (26)	total: 2.97s	remaining: 1.82s
124:	learn: 1.0000000	test: 0.6875000	best: 0.7000000 (26)	total: 2.99s	remaining: 1.79s
125:	learn: 1.0000000	test: 0.6875000	best: 0.7000000 (26)	total: 3.01s	remaining: 1.77s
126:	learn: 1.0000000	test: 0.6875000	best: 0.7000000 (26)	total: 3.03s	remaining: 1.74s
127:	learn: 1.0000000	test: 0.6750000	best: 0.7000000 (26)	total: 3.05s	remaining: 1.72s
128:	learn: 1.0000000	test: 0.6875000	best: 0.7000000 (26)	total: 3.08s	remaining: 1.69s
129:	learn: 1.0000000	test: 0.6875000	best: 0.7000000 (26)	total: 3.1s	remaining: 1.67s
130:	learn: 1.0000000	test: 0.6875000	best: 0.7000000 (26)	total: 3.12s	remaining: 1.64s
131:	learn: 1.0000000	test: 0.6750000	best: 0.7000000 (26)	total: 3.14s	remaining: 1.62s
132:	learn: 1.0000000	test: 0.6750000	best: 0.7000000 (26)	total: 3.16s	remaining: 1.59s
133:	learn: 1.0000000	test: 0.6750000	best: 0.7000000 (26)	total: 3.19s	remaining: 1.57s
134:	learn: 1.0000000	test: 0.6625000	best: 0.7000000 (26)	total: 3.21s	remaining: 1.54s
135:	learn: 1.0000000	test: 0.6625000	best: 0.7000000 (26)	total: 3.23s	remaining: 1.52s
136:	learn: 1.0000000	test: 0.6750000	best: 0.7000000 (26)	total: 3.25s	remaining: 1.49s
137:	learn: 1.0000000	test: 0.6750000	best: 0.7000000 (26)	total: 3.27s	remaining: 1.47s
138:	learn: 1.0000000	test: 0.6750000	best: 0.7000000 (26)	total: 3.29s	remaining: 1.44s
139:	learn: 1.0000000	test: 0.6750000	best: 0.7000000 (26)	total: 3.31s	remaining: 1.42s
140:	learn: 1.0000000	test: 0.6750000	best: 0.7000000 (26)	total: 3.33s	remaining: 1.39s
141:	learn: 1.0000000	test: 0.6750000	best: 0.7000000 (26)	total: 3.35s	remaining: 1.37s
142:	learn: 1.0000000	test: 0.6750000	best: 0.7000000 (26)	total: 3.37s	remaining: 1.34s
143:	learn: 1.0000000	test: 0.6625000	best: 0.7000000 (26)	total: 3.39s	remaining: 1.32s
144:	learn: 1.0000000	test: 0.6625000	best: 0.7000000 (26)	total: 3.42s	remaining: 1.29s
145:	learn: 1.0000000	test: 0.6625000	best: 0.7000000 (26)	total: 3.44s	remaining: 1.27s
146:	learn: 1.0000000	test: 0.6625000	best: 0.7000000 (26)	total: 3.46s	remaining: 1.25s
147:	learn: 1.0000000	test: 0.6625000	best: 0.7000000 (26)	total: 3.48s	remaining: 1.22s
148:	learn: 1.0000000	test: 0.6625000	best: 0.7000000 (26)	total: 3.5s	remaining: 1.2s
149:	learn: 1.0000000	test: 0.6625000	best: 0.7000000 (26)	total: 3.52s	remaining: 1.17s
150:	learn: 1.0000000	test: 0.6625000	best: 0.7000000 (26)	total: 3.54s	remaining: 1.15s
151:	learn: 1.0000000	test: 0.6625000	best: 0.7000000 (26)	total: 3.56s	remaining: 1.13s
152:	learn: 1.0000000	test: 0.6625000	best: 0.7000000 (26)	total: 3.58s	remaining: 1.1s
153:	learn: 1.0000000	test: 0.6500000	best: 0.7000000 (26)	total: 3.61s	remaining: 1.08s
154:	learn: 1.0000000	test: 0.6500000	best: 0.7000000 (26)	total: 3.63s	remaining: 1.05s
155:	learn: 1.0000000	test: 0.6500000	best: 0.7000000 (26)	total: 3.65s	remaining: 1.03s
156:	learn: 1.0000000	test: 0.6625000	best: 0.7000000 (26)	total: 3.67s	remaining: 1.01s
157:	learn: 1.0000000	test: 0.6625000	best: 0.7000000 (26)	total: 3.69s	remaining: 982ms
158:	learn: 1.0000000	test: 0.6625000	best: 0.7000000 (26)	total: 3.72s	remaining: 958ms
159:	learn: 1.0000000	test: 0.6625000	best: 0.7000000 (26)	total: 3.74s	remaining: 935ms
160:	learn: 1.0000000	test: 0.6625000	best: 0.7000000 (26)	total: 3.76s	remaining: 912ms
161:	learn: 1.0000000	test: 0.6625000	best: 0.7000000 (26)	total: 3.78s	remaining: 888ms
162:	learn: 1.0000000	test: 0.6625000	best: 0.7000000 (26)	total: 3.81s	remaining: 864ms
163:	learn: 1.0000000	test: 0.6625000	best: 0.7000000 (26)	total: 3.83s	remaining: 840ms
164:	learn: 1.0000000	test: 0.6625000	best: 0.7000000 (26)	total: 3.85s	remaining: 817ms
165:	learn: 1.0000000	test: 0.6625000	best: 0.7000000 (26)	total: 3.87s	remaining: 793ms
166:	learn: 1.0000000	test: 0.6625000	best: 0.7000000 (26)	total: 3.9s	remaining: 770ms
167:	learn: 1.0000000	test: 0.6625000	best: 0.7000000 (26)	total: 3.92s	remaining: 746ms
168:	learn: 1.0000000	test: 0.6625000	best: 0.7000000 (26)	total: 3.94s	remaining: 723ms
169:	learn: 1.0000000	test: 0.6625000	best: 0.7000000 (26)	total: 3.96s	remaining: 700ms
170:	learn: 1.0000000	test: 0.6625000	best: 0.7000000 (26)	total: 3.99s	remaining: 676ms
171:	learn: 1.0000000	test: 0.6625000	best: 0.7000000 (26)	total: 4.01s	remaining: 653ms
172:	learn: 1.0000000	test: 0.6625000	best: 0.7000000 (26)	total: 4.03s	remaining: 629ms
173:	learn: 1.0000000	test: 0.6625000	best: 0.7000000 (26)	total: 4.05s	remaining: 606ms
174:	learn: 1.0000000	test: 0.6625000	best: 0.7000000 (26)	total: 4.08s	remaining: 582ms
175:	learn: 1.0000000	test: 0.6625000	best: 0.7000000 (26)	total: 4.1s	remaining: 559ms
176:	learn: 1.0000000	test: 0.6625000	best: 0.7000000 (26)	total: 4.12s	remaining: 536ms
177:	learn: 1.0000000	test: 0.6625000	best: 0.7000000 (26)	total: 4.14s	remaining: 512ms
178:	learn: 1.0000000	test: 0.6625000	best: 0.7000000 (26)	total: 4.17s	remaining: 489ms
179:	learn: 1.0000000	test: 0.6625000	best: 0.7000000 (26)	total: 4.19s	remaining: 466ms
180:	learn: 1.0000000	test: 0.6750000	best: 0.7000000 (26)	total: 4.21s	remaining: 442ms
181:	learn: 1.0000000	test: 0.6750000	best: 0.7000000 (26)	total: 4.23s	remaining: 419ms
182:	learn: 1.0000000	test: 0.6750000	best: 0.7000000 (26)	total: 4.26s	remaining: 395ms
183:	learn: 1.0000000	test: 0.6625000	best: 0.7000000 (26)	total: 4.28s	remaining: 372ms
184:	learn: 1.0000000	test: 0.6625000	best: 0.7000000 (26)	total: 4.3s	remaining: 349ms
185:	learn: 1.0000000	test: 0.6625000	best: 0.7000000 (26)	total: 4.32s	remaining: 325ms
186:	learn: 1.0000000	test: 0.6750000	best: 0.7000000 (26)	total: 4.34s	remaining: 302ms
187:	learn: 1.0000000	test: 0.6750000	best: 0.7000000 (26)	total: 4.36s	remaining: 278ms
188:	learn: 1.0000000	test: 0.6750000	best: 0.7000000 (26)	total: 4.38s	remaining: 255ms
189:	learn: 1.0000000	test: 0.6750000	best: 0.7000000 (26)	total: 4.4s	remaining: 232ms
190:	learn: 1.0000000	test: 0.6750000	best: 0.7000000 (26)	total: 4.42s	remaining: 208ms
191:	learn: 1.0000000	test: 0.6750000	best: 0.7000000 (26)	total: 4.44s	remaining: 185ms
192:	learn: 1.0000000	test: 0.6750000	best: 0.7000000 (26)	total: 4.46s	remaining: 162ms
193:	learn: 1.0000000	test: 0.6750000	best: 0.7000000 (26)	total: 4.48s	remaining: 139ms
194:	learn: 1.0000000	test: 0.6750000	best: 0.7000000 (26)	total: 4.5s	remaining: 116ms
195:	learn: 1.0000000	test: 0.6750000	best: 0.7000000 (26)	total: 4.53s	remaining: 92.4ms
196:	learn: 1.0000000	test: 0.6750000	best: 0.7000000 (26)	total: 4.55s	remaining: 69.3ms
197:	learn: 1.0000000	test: 0.6750000	best: 0.7000000 (26)	total: 4.57s	remaining: 46.2ms
198:	learn: 1.0000000	test: 0.6750000	best: 0.7000000 (26)	total: 4.6s	remaining: 23.1ms
199:	learn: 1.0000000	test: 0.6750000	best: 0.7000000 (26)	total: 4.62s	remaining: 0us
bestTest = 0.7
bestIteration = 26
Shrink model to first 27 iterations.
