0:	learn: 0.8935698	test: 0.8875000	best: 0.8875000 (0)	total: 24.1ms	remaining: 4.79s
1:	learn: 0.9379157	test: 0.8625000	best: 0.8875000 (0)	total: 47.7ms	remaining: 4.73s
2:	learn: 0.9800443	test: 0.8250000	best: 0.8875000 (0)	total: 70.3ms	remaining: 4.62s
3:	learn: 0.9889135	test: 0.8000000	best: 0.8875000 (0)	total: 93.1ms	remaining: 4.56s
4:	learn: 0.9955654	test: 0.8250000	best: 0.8875000 (0)	total: 115ms	remaining: 4.49s
5:	learn: 0.9977827	test: 0.8250000	best: 0.8875000 (0)	total: 137ms	remaining: 4.43s
6:	learn: 0.9977827	test: 0.8375000	best: 0.8875000 (0)	total: 159ms	remaining: 4.38s
7:	learn: 1.0000000	test: 0.8625000	best: 0.8875000 (0)	total: 180ms	remaining: 4.33s
8:	learn: 0.9977827	test: 0.8750000	best: 0.8875000 (0)	total: 202ms	remaining: 4.28s
9:	learn: 1.0000000	test: 0.8875000	best: 0.8875000 (0)	total: 224ms	remaining: 4.25s
10:	learn: 1.0000000	test: 0.8625000	best: 0.8875000 (0)	total: 246ms	remaining: 4.23s
11:	learn: 1.0000000	test: 0.8750000	best: 0.8875000 (0)	total: 268ms	remaining: 4.19s
12:	learn: 1.0000000	test: 0.8625000	best: 0.8875000 (0)	total: 290ms	remaining: 4.17s
13:	learn: 1.0000000	test: 0.8625000	best: 0.8875000 (0)	total: 311ms	remaining: 4.14s
14:	learn: 1.0000000	test: 0.8625000	best: 0.8875000 (0)	total: 333ms	remaining: 4.11s
15:	learn: 1.0000000	test: 0.8625000	best: 0.8875000 (0)	total: 357ms	remaining: 4.11s
16:	learn: 1.0000000	test: 0.8625000	best: 0.8875000 (0)	total: 380ms	remaining: 4.09s
17:	learn: 1.0000000	test: 0.8625000	best: 0.8875000 (0)	total: 403ms	remaining: 4.07s
18:	learn: 1.0000000	test: 0.8625000	best: 0.8875000 (0)	total: 427ms	remaining: 4.07s
19:	learn: 1.0000000	test: 0.8625000	best: 0.8875000 (0)	total: 450ms	remaining: 4.05s
20:	learn: 1.0000000	test: 0.8500000	best: 0.8875000 (0)	total: 474ms	remaining: 4.04s
21:	learn: 1.0000000	test: 0.8625000	best: 0.8875000 (0)	total: 498ms	remaining: 4.03s
22:	learn: 1.0000000	test: 0.8750000	best: 0.8875000 (0)	total: 522ms	remaining: 4.02s
23:	learn: 1.0000000	test: 0.8625000	best: 0.8875000 (0)	total: 546ms	remaining: 4s
24:	learn: 1.0000000	test: 0.8625000	best: 0.8875000 (0)	total: 570ms	remaining: 3.99s
25:	learn: 1.0000000	test: 0.8750000	best: 0.8875000 (0)	total: 593ms	remaining: 3.96s
26:	learn: 1.0000000	test: 0.8875000	best: 0.8875000 (0)	total: 615ms	remaining: 3.94s
27:	learn: 1.0000000	test: 0.9000000	best: 0.9000000 (27)	total: 636ms	remaining: 3.91s
28:	learn: 1.0000000	test: 0.8875000	best: 0.9000000 (27)	total: 657ms	remaining: 3.87s
29:	learn: 1.0000000	test: 0.8875000	best: 0.9000000 (27)	total: 678ms	remaining: 3.84s
30:	learn: 1.0000000	test: 0.8750000	best: 0.9000000 (27)	total: 699ms	remaining: 3.81s
31:	learn: 1.0000000	test: 0.8750000	best: 0.9000000 (27)	total: 720ms	remaining: 3.78s
32:	learn: 1.0000000	test: 0.8750000	best: 0.9000000 (27)	total: 741ms	remaining: 3.75s
33:	learn: 1.0000000	test: 0.8875000	best: 0.9000000 (27)	total: 762ms	remaining: 3.72s
34:	learn: 1.0000000	test: 0.9000000	best: 0.9000000 (27)	total: 784ms	remaining: 3.69s
35:	learn: 1.0000000	test: 0.9000000	best: 0.9000000 (27)	total: 806ms	remaining: 3.67s
36:	learn: 1.0000000	test: 0.9000000	best: 0.9000000 (27)	total: 827ms	remaining: 3.65s
37:	learn: 1.0000000	test: 0.9000000	best: 0.9000000 (27)	total: 849ms	remaining: 3.62s
38:	learn: 1.0000000	test: 0.9000000	best: 0.9000000 (27)	total: 870ms	remaining: 3.59s
39:	learn: 1.0000000	test: 0.9125000	best: 0.9125000 (39)	total: 892ms	remaining: 3.57s
40:	learn: 1.0000000	test: 0.9000000	best: 0.9125000 (39)	total: 913ms	remaining: 3.54s
41:	learn: 1.0000000	test: 0.9125000	best: 0.9125000 (39)	total: 935ms	remaining: 3.52s
42:	learn: 1.0000000	test: 0.9125000	best: 0.9125000 (39)	total: 955ms	remaining: 3.49s
43:	learn: 1.0000000	test: 0.9125000	best: 0.9125000 (39)	total: 977ms	remaining: 3.46s
44:	learn: 1.0000000	test: 0.9125000	best: 0.9125000 (39)	total: 999ms	remaining: 3.44s
45:	learn: 1.0000000	test: 0.9125000	best: 0.9125000 (39)	total: 1.02s	remaining: 3.42s
46:	learn: 1.0000000	test: 0.9125000	best: 0.9125000 (39)	total: 1.04s	remaining: 3.39s
47:	learn: 1.0000000	test: 0.9125000	best: 0.9125000 (39)	total: 1.06s	remaining: 3.37s
48:	learn: 1.0000000	test: 0.9125000	best: 0.9125000 (39)	total: 1.09s	remaining: 3.35s
49:	learn: 1.0000000	test: 0.9125000	best: 0.9125000 (39)	total: 1.11s	remaining: 3.32s
50:	learn: 1.0000000	test: 0.9125000	best: 0.9125000 (39)	total: 1.13s	remaining: 3.29s
51:	learn: 1.0000000	test: 0.9125000	best: 0.9125000 (39)	total: 1.15s	remaining: 3.27s
52:	learn: 1.0000000	test: 0.9125000	best: 0.9125000 (39)	total: 1.17s	remaining: 3.25s
53:	learn: 1.0000000	test: 0.9125000	best: 0.9125000 (39)	total: 1.19s	remaining: 3.23s
54:	learn: 1.0000000	test: 0.9125000	best: 0.9125000 (39)	total: 1.21s	remaining: 3.2s
55:	learn: 1.0000000	test: 0.9125000	best: 0.9125000 (39)	total: 1.24s	remaining: 3.18s
56:	learn: 1.0000000	test: 0.9125000	best: 0.9125000 (39)	total: 1.26s	remaining: 3.16s
57:	learn: 1.0000000	test: 0.9125000	best: 0.9125000 (39)	total: 1.28s	remaining: 3.14s
58:	learn: 1.0000000	test: 0.9125000	best: 0.9125000 (39)	total: 1.3s	remaining: 3.11s
59:	learn: 1.0000000	test: 0.9125000	best: 0.9125000 (39)	total: 1.32s	remaining: 3.09s
60:	learn: 1.0000000	test: 0.9125000	best: 0.9125000 (39)	total: 1.35s	remaining: 3.07s
61:	learn: 1.0000000	test: 0.9125000	best: 0.9125000 (39)	total: 1.37s	remaining: 3.04s
62:	learn: 1.0000000	test: 0.9125000	best: 0.9125000 (39)	total: 1.39s	remaining: 3.02s
63:	learn: 1.0000000	test: 0.9125000	best: 0.9125000 (39)	total: 1.41s	remaining: 3s
64:	learn: 1.0000000	test: 0.9125000	best: 0.9125000 (39)	total: 1.43s	remaining: 2.98s
65:	learn: 1.0000000	test: 0.9125000	best: 0.9125000 (39)	total: 1.46s	remaining: 2.96s
66:	learn: 1.0000000	test: 0.9125000	best: 0.9125000 (39)	total: 1.48s	remaining: 2.93s
67:	learn: 1.0000000	test: 0.9125000	best: 0.9125000 (39)	total: 1.5s	remaining: 2.91s
68:	learn: 1.0000000	test: 0.9125000	best: 0.9125000 (39)	total: 1.52s	remaining: 2.89s
69:	learn: 1.0000000	test: 0.9000000	best: 0.9125000 (39)	total: 1.54s	remaining: 2.87s
70:	learn: 1.0000000	test: 0.9000000	best: 0.9125000 (39)	total: 1.56s	remaining: 2.84s
71:	learn: 1.0000000	test: 0.9000000	best: 0.9125000 (39)	total: 1.59s	remaining: 2.82s
72:	learn: 1.0000000	test: 0.9000000	best: 0.9125000 (39)	total: 1.61s	remaining: 2.8s
73:	learn: 1.0000000	test: 0.9000000	best: 0.9125000 (39)	total: 1.63s	remaining: 2.78s
74:	learn: 1.0000000	test: 0.9000000	best: 0.9125000 (39)	total: 1.66s	remaining: 2.76s
75:	learn: 1.0000000	test: 0.9000000	best: 0.9125000 (39)	total: 1.68s	remaining: 2.74s
76:	learn: 1.0000000	test: 0.9000000	best: 0.9125000 (39)	total: 1.7s	remaining: 2.72s
77:	learn: 1.0000000	test: 0.9000000	best: 0.9125000 (39)	total: 1.72s	remaining: 2.69s
78:	learn: 1.0000000	test: 0.9000000	best: 0.9125000 (39)	total: 1.75s	remaining: 2.67s
79:	learn: 1.0000000	test: 0.9000000	best: 0.9125000 (39)	total: 1.77s	remaining: 2.65s
80:	learn: 1.0000000	test: 0.9000000	best: 0.9125000 (39)	total: 1.79s	remaining: 2.63s
81:	learn: 1.0000000	test: 0.9000000	best: 0.9125000 (39)	total: 1.81s	remaining: 2.6s
82:	learn: 1.0000000	test: 0.9000000	best: 0.9125000 (39)	total: 1.83s	remaining: 2.58s
83:	learn: 1.0000000	test: 0.9000000	best: 0.9125000 (39)	total: 1.85s	remaining: 2.56s
84:	learn: 1.0000000	test: 0.9000000	best: 0.9125000 (39)	total: 1.87s	remaining: 2.54s
85:	learn: 1.0000000	test: 0.9000000	best: 0.9125000 (39)	total: 1.9s	remaining: 2.51s
86:	learn: 1.0000000	test: 0.9000000	best: 0.9125000 (39)	total: 1.92s	remaining: 2.49s
87:	learn: 1.0000000	test: 0.9125000	best: 0.9125000 (39)	total: 1.94s	remaining: 2.47s
88:	learn: 1.0000000	test: 0.9125000	best: 0.9125000 (39)	total: 1.96s	remaining: 2.44s
89:	learn: 1.0000000	test: 0.9000000	best: 0.9125000 (39)	total: 1.98s	remaining: 2.42s
90:	learn: 1.0000000	test: 0.9000000	best: 0.9125000 (39)	total: 2s	remaining: 2.4s
91:	learn: 1.0000000	test: 0.9000000	best: 0.9125000 (39)	total: 2.02s	remaining: 2.37s
92:	learn: 1.0000000	test: 0.9125000	best: 0.9125000 (39)	total: 2.04s	remaining: 2.35s
93:	learn: 1.0000000	test: 0.9000000	best: 0.9125000 (39)	total: 2.06s	remaining: 2.33s
94:	learn: 1.0000000	test: 0.9000000	best: 0.9125000 (39)	total: 2.08s	remaining: 2.3s
95:	learn: 1.0000000	test: 0.9000000	best: 0.9125000 (39)	total: 2.1s	remaining: 2.28s
96:	learn: 1.0000000	test: 0.9000000	best: 0.9125000 (39)	total: 2.13s	remaining: 2.26s
97:	learn: 1.0000000	test: 0.9000000	best: 0.9125000 (39)	total: 2.15s	remaining: 2.23s
98:	learn: 1.0000000	test: 0.9000000	best: 0.9125000 (39)	total: 2.17s	remaining: 2.21s
99:	learn: 1.0000000	test: 0.9000000	best: 0.9125000 (39)	total: 2.19s	remaining: 2.19s
100:	learn: 1.0000000	test: 0.9125000	best: 0.9125000 (39)	total: 2.21s	remaining: 2.17s
101:	learn: 1.0000000	test: 0.9125000	best: 0.9125000 (39)	total: 2.23s	remaining: 2.14s
102:	learn: 1.0000000	test: 0.9125000	best: 0.9125000 (39)	total: 2.25s	remaining: 2.12s
103:	learn: 1.0000000	test: 0.9125000	best: 0.9125000 (39)	total: 2.27s	remaining: 2.1s
104:	learn: 1.0000000	test: 0.9125000	best: 0.9125000 (39)	total: 2.29s	remaining: 2.08s
105:	learn: 1.0000000	test: 0.9125000	best: 0.9125000 (39)	total: 2.31s	remaining: 2.05s
106:	learn: 1.0000000	test: 0.9125000	best: 0.9125000 (39)	total: 2.34s	remaining: 2.03s
107:	learn: 1.0000000	test: 0.9000000	best: 0.9125000 (39)	total: 2.36s	remaining: 2.01s
108:	learn: 1.0000000	test: 0.9000000	best: 0.9125000 (39)	total: 2.38s	remaining: 1.99s
109:	learn: 1.0000000	test: 0.9000000	best: 0.9125000 (39)	total: 2.4s	remaining: 1.96s
110:	learn: 1.0000000	test: 0.9000000	best: 0.9125000 (39)	total: 2.42s	remaining: 1.94s
111:	learn: 1.0000000	test: 0.9000000	best: 0.9125000 (39)	total: 2.44s	remaining: 1.92s
112:	learn: 1.0000000	test: 0.9000000	best: 0.9125000 (39)	total: 2.46s	remaining: 1.9s
113:	learn: 1.0000000	test: 0.9000000	best: 0.9125000 (39)	total: 2.48s	remaining: 1.87s
114:	learn: 1.0000000	test: 0.9000000	best: 0.9125000 (39)	total: 2.5s	remaining: 1.85s
115:	learn: 1.0000000	test: 0.9000000	best: 0.9125000 (39)	total: 2.53s	remaining: 1.83s
116:	learn: 1.0000000	test: 0.9000000	best: 0.9125000 (39)	total: 2.55s	remaining: 1.81s
117:	learn: 1.0000000	test: 0.9000000	best: 0.9125000 (39)	total: 2.57s	remaining: 1.78s
118:	learn: 1.0000000	test: 0.9000000	best: 0.9125000 (39)	total: 2.59s	remaining: 1.76s
119:	learn: 1.0000000	test: 0.9000000	best: 0.9125000 (39)	total: 2.61s	remaining: 1.74s
120:	learn: 1.0000000	test: 0.9000000	best: 0.9125000 (39)	total: 2.63s	remaining: 1.72s
121:	learn: 1.0000000	test: 0.9000000	best: 0.9125000 (39)	total: 2.65s	remaining: 1.7s
122:	learn: 1.0000000	test: 0.9000000	best: 0.9125000 (39)	total: 2.68s	remaining: 1.68s
123:	learn: 1.0000000	test: 0.9000000	best: 0.9125000 (39)	total: 2.7s	remaining: 1.65s
124:	learn: 1.0000000	test: 0.9000000	best: 0.9125000 (39)	total: 2.72s	remaining: 1.63s
125:	learn: 1.0000000	test: 0.9000000	best: 0.9125000 (39)	total: 2.74s	remaining: 1.61s
126:	learn: 1.0000000	test: 0.9000000	best: 0.9125000 (39)	total: 2.76s	remaining: 1.59s
127:	learn: 1.0000000	test: 0.9000000	best: 0.9125000 (39)	total: 2.78s	remaining: 1.56s
128:	learn: 1.0000000	test: 0.9000000	best: 0.9125000 (39)	total: 2.8s	remaining: 1.54s
129:	learn: 1.0000000	test: 0.9000000	best: 0.9125000 (39)	total: 2.83s	remaining: 1.52s
130:	learn: 1.0000000	test: 0.9000000	best: 0.9125000 (39)	total: 2.85s	remaining: 1.5s
131:	learn: 1.0000000	test: 0.9000000	best: 0.9125000 (39)	total: 2.87s	remaining: 1.48s
132:	learn: 1.0000000	test: 0.9000000	best: 0.9125000 (39)	total: 2.89s	remaining: 1.46s
133:	learn: 1.0000000	test: 0.9000000	best: 0.9125000 (39)	total: 2.91s	remaining: 1.43s
134:	learn: 1.0000000	test: 0.9000000	best: 0.9125000 (39)	total: 2.93s	remaining: 1.41s
135:	learn: 1.0000000	test: 0.9000000	best: 0.9125000 (39)	total: 2.95s	remaining: 1.39s
136:	learn: 1.0000000	test: 0.9000000	best: 0.9125000 (39)	total: 2.97s	remaining: 1.37s
137:	learn: 1.0000000	test: 0.9000000	best: 0.9125000 (39)	total: 2.99s	remaining: 1.34s
138:	learn: 1.0000000	test: 0.9000000	best: 0.9125000 (39)	total: 3.01s	remaining: 1.32s
139:	learn: 1.0000000	test: 0.9000000	best: 0.9125000 (39)	total: 3.03s	remaining: 1.3s
140:	learn: 1.0000000	test: 0.9000000	best: 0.9125000 (39)	total: 3.06s	remaining: 1.28s
141:	learn: 1.0000000	test: 0.9000000	best: 0.9125000 (39)	total: 3.08s	remaining: 1.26s
142:	learn: 1.0000000	test: 0.9000000	best: 0.9125000 (39)	total: 3.1s	remaining: 1.23s
143:	learn: 1.0000000	test: 0.9000000	best: 0.9125000 (39)	total: 3.12s	remaining: 1.21s
144:	learn: 1.0000000	test: 0.9000000	best: 0.9125000 (39)	total: 3.14s	remaining: 1.19s
145:	learn: 1.0000000	test: 0.9000000	best: 0.9125000 (39)	total: 3.16s	remaining: 1.17s
146:	learn: 1.0000000	test: 0.9000000	best: 0.9125000 (39)	total: 3.18s	remaining: 1.15s
147:	learn: 1.0000000	test: 0.9000000	best: 0.9125000 (39)	total: 3.2s	remaining: 1.12s
148:	learn: 1.0000000	test: 0.9000000	best: 0.9125000 (39)	total: 3.22s	remaining: 1.1s
149:	learn: 1.0000000	test: 0.9000000	best: 0.9125000 (39)	total: 3.24s	remaining: 1.08s
150:	learn: 1.0000000	test: 0.9000000	best: 0.9125000 (39)	total: 3.26s	remaining: 1.06s
151:	learn: 1.0000000	test: 0.9000000	best: 0.9125000 (39)	total: 3.28s	remaining: 1.04s
152:	learn: 1.0000000	test: 0.9000000	best: 0.9125000 (39)	total: 3.3s	remaining: 1.01s
153:	learn: 1.0000000	test: 0.9000000	best: 0.9125000 (39)	total: 3.33s	remaining: 993ms
154:	learn: 1.0000000	test: 0.9000000	best: 0.9125000 (39)	total: 3.35s	remaining: 972ms
155:	learn: 1.0000000	test: 0.9000000	best: 0.9125000 (39)	total: 3.37s	remaining: 950ms
156:	learn: 1.0000000	test: 0.9000000	best: 0.9125000 (39)	total: 3.39s	remaining: 928ms
157:	learn: 1.0000000	test: 0.9000000	best: 0.9125000 (39)	total: 3.41s	remaining: 906ms
158:	learn: 1.0000000	test: 0.9000000	best: 0.9125000 (39)	total: 3.43s	remaining: 885ms
159:	learn: 1.0000000	test: 0.9000000	best: 0.9125000 (39)	total: 3.45s	remaining: 863ms
160:	learn: 1.0000000	test: 0.9000000	best: 0.9125000 (39)	total: 3.47s	remaining: 841ms
161:	learn: 1.0000000	test: 0.9000000	best: 0.9125000 (39)	total: 3.49s	remaining: 819ms
162:	learn: 1.0000000	test: 0.9000000	best: 0.9125000 (39)	total: 3.51s	remaining: 798ms
163:	learn: 1.0000000	test: 0.9000000	best: 0.9125000 (39)	total: 3.53s	remaining: 776ms
164:	learn: 1.0000000	test: 0.9000000	best: 0.9125000 (39)	total: 3.56s	remaining: 754ms
165:	learn: 1.0000000	test: 0.9000000	best: 0.9125000 (39)	total: 3.58s	remaining: 732ms
166:	learn: 1.0000000	test: 0.9000000	best: 0.9125000 (39)	total: 3.6s	remaining: 711ms
167:	learn: 1.0000000	test: 0.9000000	best: 0.9125000 (39)	total: 3.62s	remaining: 689ms
168:	learn: 1.0000000	test: 0.9000000	best: 0.9125000 (39)	total: 3.64s	remaining: 667ms
169:	learn: 1.0000000	test: 0.9000000	best: 0.9125000 (39)	total: 3.66s	remaining: 646ms
170:	learn: 1.0000000	test: 0.9000000	best: 0.9125000 (39)	total: 3.68s	remaining: 624ms
171:	learn: 1.0000000	test: 0.9000000	best: 0.9125000 (39)	total: 3.7s	remaining: 602ms
172:	learn: 1.0000000	test: 0.9000000	best: 0.9125000 (39)	total: 3.72s	remaining: 581ms
173:	learn: 1.0000000	test: 0.9000000	best: 0.9125000 (39)	total: 3.74s	remaining: 559ms
174:	learn: 1.0000000	test: 0.9000000	best: 0.9125000 (39)	total: 3.76s	remaining: 538ms
175:	learn: 1.0000000	test: 0.9000000	best: 0.9125000 (39)	total: 3.78s	remaining: 516ms
176:	learn: 1.0000000	test: 0.9000000	best: 0.9125000 (39)	total: 3.81s	remaining: 494ms
177:	learn: 1.0000000	test: 0.9000000	best: 0.9125000 (39)	total: 3.83s	remaining: 473ms
178:	learn: 1.0000000	test: 0.9000000	best: 0.9125000 (39)	total: 3.85s	remaining: 451ms
179:	learn: 1.0000000	test: 0.9000000	best: 0.9125000 (39)	total: 3.87s	remaining: 430ms
180:	learn: 1.0000000	test: 0.9000000	best: 0.9125000 (39)	total: 3.89s	remaining: 408ms
181:	learn: 1.0000000	test: 0.9000000	best: 0.9125000 (39)	total: 3.91s	remaining: 387ms
182:	learn: 1.0000000	test: 0.9000000	best: 0.9125000 (39)	total: 3.93s	remaining: 365ms
183:	learn: 1.0000000	test: 0.9000000	best: 0.9125000 (39)	total: 3.95s	remaining: 343ms
184:	learn: 1.0000000	test: 0.9000000	best: 0.9125000 (39)	total: 3.97s	remaining: 322ms
185:	learn: 1.0000000	test: 0.9000000	best: 0.9125000 (39)	total: 3.99s	remaining: 300ms
186:	learn: 1.0000000	test: 0.9000000	best: 0.9125000 (39)	total: 4.01s	remaining: 279ms
187:	learn: 1.0000000	test: 0.9000000	best: 0.9125000 (39)	total: 4.03s	remaining: 257ms
188:	learn: 1.0000000	test: 0.9000000	best: 0.9125000 (39)	total: 4.05s	remaining: 236ms
189:	learn: 1.0000000	test: 0.9000000	best: 0.9125000 (39)	total: 4.08s	remaining: 214ms
190:	learn: 1.0000000	test: 0.9000000	best: 0.9125000 (39)	total: 4.09s	remaining: 193ms
191:	learn: 1.0000000	test: 0.9000000	best: 0.9125000 (39)	total: 4.12s	remaining: 172ms
192:	learn: 1.0000000	test: 0.9000000	best: 0.9125000 (39)	total: 4.14s	remaining: 150ms
193:	learn: 1.0000000	test: 0.9000000	best: 0.9125000 (39)	total: 4.16s	remaining: 129ms
194:	learn: 1.0000000	test: 0.9000000	best: 0.9125000 (39)	total: 4.18s	remaining: 107ms
195:	learn: 1.0000000	test: 0.9000000	best: 0.9125000 (39)	total: 4.2s	remaining: 85.7ms
196:	learn: 1.0000000	test: 0.9000000	best: 0.9125000 (39)	total: 4.22s	remaining: 64.3ms
197:	learn: 1.0000000	test: 0.9000000	best: 0.9125000 (39)	total: 4.24s	remaining: 42.8ms
198:	learn: 1.0000000	test: 0.9000000	best: 0.9125000 (39)	total: 4.26s	remaining: 21.4ms
199:	learn: 1.0000000	test: 0.9000000	best: 0.9125000 (39)	total: 4.28s	remaining: 0us
bestTest = 0.9125
bestIteration = 39
Shrink model to first 40 iterations.
