0:	learn: 0.9711752	test: 0.8750000	best: 0.8750000 (0)	total: 22.7ms	remaining: 4.52s
1:	learn: 0.9844789	test: 0.8750000	best: 0.8750000 (0)	total: 45.1ms	remaining: 4.46s
2:	learn: 0.9911308	test: 0.8875000	best: 0.8875000 (2)	total: 69.4ms	remaining: 4.56s
3:	learn: 0.9955654	test: 0.9000000	best: 0.9000000 (3)	total: 93.4ms	remaining: 4.58s
4:	learn: 1.0000000	test: 0.9000000	best: 0.9000000 (3)	total: 116ms	remaining: 4.52s
5:	learn: 1.0000000	test: 0.8875000	best: 0.9000000 (3)	total: 138ms	remaining: 4.46s
6:	learn: 1.0000000	test: 0.8750000	best: 0.9000000 (3)	total: 161ms	remaining: 4.43s
7:	learn: 1.0000000	test: 0.8750000	best: 0.9000000 (3)	total: 183ms	remaining: 4.39s
8:	learn: 1.0000000	test: 0.8750000	best: 0.9000000 (3)	total: 206ms	remaining: 4.38s
9:	learn: 1.0000000	test: 0.8750000	best: 0.9000000 (3)	total: 229ms	remaining: 4.36s
10:	learn: 1.0000000	test: 0.8875000	best: 0.9000000 (3)	total: 252ms	remaining: 4.33s
11:	learn: 1.0000000	test: 0.8875000	best: 0.9000000 (3)	total: 275ms	remaining: 4.3s
12:	learn: 1.0000000	test: 0.8875000	best: 0.9000000 (3)	total: 296ms	remaining: 4.26s
13:	learn: 1.0000000	test: 0.8875000	best: 0.9000000 (3)	total: 318ms	remaining: 4.23s
14:	learn: 1.0000000	test: 0.8875000	best: 0.9000000 (3)	total: 342ms	remaining: 4.21s
15:	learn: 1.0000000	test: 0.8875000	best: 0.9000000 (3)	total: 364ms	remaining: 4.18s
16:	learn: 1.0000000	test: 0.8875000	best: 0.9000000 (3)	total: 386ms	remaining: 4.16s
17:	learn: 1.0000000	test: 0.8875000	best: 0.9000000 (3)	total: 409ms	remaining: 4.13s
18:	learn: 1.0000000	test: 0.8875000	best: 0.9000000 (3)	total: 431ms	remaining: 4.11s
19:	learn: 1.0000000	test: 0.8875000	best: 0.9000000 (3)	total: 453ms	remaining: 4.08s
20:	learn: 1.0000000	test: 0.8875000	best: 0.9000000 (3)	total: 475ms	remaining: 4.05s
21:	learn: 1.0000000	test: 0.8875000	best: 0.9000000 (3)	total: 497ms	remaining: 4.02s
22:	learn: 1.0000000	test: 0.8875000	best: 0.9000000 (3)	total: 520ms	remaining: 4s
23:	learn: 1.0000000	test: 0.8875000	best: 0.9000000 (3)	total: 543ms	remaining: 3.98s
24:	learn: 1.0000000	test: 0.8875000	best: 0.9000000 (3)	total: 566ms	remaining: 3.96s
25:	learn: 1.0000000	test: 0.8875000	best: 0.9000000 (3)	total: 588ms	remaining: 3.93s
26:	learn: 1.0000000	test: 0.8875000	best: 0.9000000 (3)	total: 610ms	remaining: 3.91s
27:	learn: 1.0000000	test: 0.8875000	best: 0.9000000 (3)	total: 632ms	remaining: 3.88s
28:	learn: 1.0000000	test: 0.8875000	best: 0.9000000 (3)	total: 655ms	remaining: 3.86s
29:	learn: 1.0000000	test: 0.8875000	best: 0.9000000 (3)	total: 677ms	remaining: 3.84s
30:	learn: 1.0000000	test: 0.8875000	best: 0.9000000 (3)	total: 700ms	remaining: 3.81s
31:	learn: 1.0000000	test: 0.8875000	best: 0.9000000 (3)	total: 723ms	remaining: 3.79s
32:	learn: 1.0000000	test: 0.8875000	best: 0.9000000 (3)	total: 747ms	remaining: 3.78s
33:	learn: 1.0000000	test: 0.9000000	best: 0.9000000 (3)	total: 768ms	remaining: 3.75s
34:	learn: 1.0000000	test: 0.9000000	best: 0.9000000 (3)	total: 789ms	remaining: 3.72s
35:	learn: 1.0000000	test: 0.9000000	best: 0.9000000 (3)	total: 810ms	remaining: 3.69s
36:	learn: 1.0000000	test: 0.8875000	best: 0.9000000 (3)	total: 831ms	remaining: 3.66s
37:	learn: 1.0000000	test: 0.8875000	best: 0.9000000 (3)	total: 851ms	remaining: 3.63s
38:	learn: 1.0000000	test: 0.9000000	best: 0.9000000 (3)	total: 872ms	remaining: 3.6s
39:	learn: 1.0000000	test: 0.9000000	best: 0.9000000 (3)	total: 892ms	remaining: 3.57s
40:	learn: 1.0000000	test: 0.9000000	best: 0.9000000 (3)	total: 913ms	remaining: 3.54s
41:	learn: 1.0000000	test: 0.9000000	best: 0.9000000 (3)	total: 934ms	remaining: 3.51s
42:	learn: 1.0000000	test: 0.9000000	best: 0.9000000 (3)	total: 954ms	remaining: 3.48s
43:	learn: 1.0000000	test: 0.9000000	best: 0.9000000 (3)	total: 975ms	remaining: 3.46s
44:	learn: 1.0000000	test: 0.9000000	best: 0.9000000 (3)	total: 996ms	remaining: 3.43s
45:	learn: 1.0000000	test: 0.9000000	best: 0.9000000 (3)	total: 1.02s	remaining: 3.4s
46:	learn: 1.0000000	test: 0.9000000	best: 0.9000000 (3)	total: 1.04s	remaining: 3.38s
47:	learn: 1.0000000	test: 0.9000000	best: 0.9000000 (3)	total: 1.06s	remaining: 3.36s
48:	learn: 1.0000000	test: 0.9000000	best: 0.9000000 (3)	total: 1.08s	remaining: 3.34s
49:	learn: 1.0000000	test: 0.9000000	best: 0.9000000 (3)	total: 1.1s	remaining: 3.31s
50:	learn: 1.0000000	test: 0.9000000	best: 0.9000000 (3)	total: 1.13s	remaining: 3.29s
51:	learn: 1.0000000	test: 0.9000000	best: 0.9000000 (3)	total: 1.15s	remaining: 3.27s
52:	learn: 1.0000000	test: 0.9000000	best: 0.9000000 (3)	total: 1.17s	remaining: 3.25s
53:	learn: 1.0000000	test: 0.9000000	best: 0.9000000 (3)	total: 1.19s	remaining: 3.23s
54:	learn: 1.0000000	test: 0.9000000	best: 0.9000000 (3)	total: 1.21s	remaining: 3.2s
55:	learn: 1.0000000	test: 0.9000000	best: 0.9000000 (3)	total: 1.24s	remaining: 3.18s
56:	learn: 1.0000000	test: 0.9000000	best: 0.9000000 (3)	total: 1.26s	remaining: 3.16s
57:	learn: 1.0000000	test: 0.9000000	best: 0.9000000 (3)	total: 1.28s	remaining: 3.14s
58:	learn: 1.0000000	test: 0.9000000	best: 0.9000000 (3)	total: 1.3s	remaining: 3.11s
59:	learn: 1.0000000	test: 0.9000000	best: 0.9000000 (3)	total: 1.32s	remaining: 3.09s
60:	learn: 1.0000000	test: 0.9000000	best: 0.9000000 (3)	total: 1.35s	remaining: 3.07s
61:	learn: 1.0000000	test: 0.9000000	best: 0.9000000 (3)	total: 1.37s	remaining: 3.05s
62:	learn: 1.0000000	test: 0.9000000	best: 0.9000000 (3)	total: 1.39s	remaining: 3.03s
63:	learn: 1.0000000	test: 0.9000000	best: 0.9000000 (3)	total: 1.41s	remaining: 3s
64:	learn: 1.0000000	test: 0.9000000	best: 0.9000000 (3)	total: 1.44s	remaining: 2.98s
65:	learn: 1.0000000	test: 0.9000000	best: 0.9000000 (3)	total: 1.46s	remaining: 2.96s
66:	learn: 1.0000000	test: 0.9000000	best: 0.9000000 (3)	total: 1.48s	remaining: 2.94s
67:	learn: 1.0000000	test: 0.9000000	best: 0.9000000 (3)	total: 1.5s	remaining: 2.92s
68:	learn: 1.0000000	test: 0.9000000	best: 0.9000000 (3)	total: 1.52s	remaining: 2.89s
69:	learn: 1.0000000	test: 0.9000000	best: 0.9000000 (3)	total: 1.55s	remaining: 2.87s
70:	learn: 1.0000000	test: 0.9000000	best: 0.9000000 (3)	total: 1.57s	remaining: 2.85s
71:	learn: 1.0000000	test: 0.9000000	best: 0.9000000 (3)	total: 1.59s	remaining: 2.83s
72:	learn: 1.0000000	test: 0.9000000	best: 0.9000000 (3)	total: 1.61s	remaining: 2.81s
73:	learn: 1.0000000	test: 0.9000000	best: 0.9000000 (3)	total: 1.63s	remaining: 2.78s
74:	learn: 1.0000000	test: 0.9000000	best: 0.9000000 (3)	total: 1.66s	remaining: 2.76s
75:	learn: 1.0000000	test: 0.9000000	best: 0.9000000 (3)	total: 1.68s	remaining: 2.74s
76:	learn: 1.0000000	test: 0.9000000	best: 0.9000000 (3)	total: 1.7s	remaining: 2.72s
77:	learn: 1.0000000	test: 0.9000000	best: 0.9000000 (3)	total: 1.72s	remaining: 2.7s
78:	learn: 1.0000000	test: 0.9000000	best: 0.9000000 (3)	total: 1.75s	remaining: 2.67s
79:	learn: 1.0000000	test: 0.9000000	best: 0.9000000 (3)	total: 1.77s	remaining: 2.65s
80:	learn: 1.0000000	test: 0.9000000	best: 0.9000000 (3)	total: 1.79s	remaining: 2.63s
81:	learn: 1.0000000	test: 0.9000000	best: 0.9000000 (3)	total: 1.81s	remaining: 2.61s
82:	learn: 1.0000000	test: 0.9000000	best: 0.9000000 (3)	total: 1.83s	remaining: 2.59s
83:	learn: 1.0000000	test: 0.9000000	best: 0.9000000 (3)	total: 1.86s	remaining: 2.56s
84:	learn: 1.0000000	test: 0.9000000	best: 0.9000000 (3)	total: 1.88s	remaining: 2.54s
85:	learn: 1.0000000	test: 0.9000000	best: 0.9000000 (3)	total: 1.9s	remaining: 2.52s
86:	learn: 1.0000000	test: 0.9000000	best: 0.9000000 (3)	total: 1.93s	remaining: 2.5s
87:	learn: 1.0000000	test: 0.9000000	best: 0.9000000 (3)	total: 1.95s	remaining: 2.48s
88:	learn: 1.0000000	test: 0.9000000	best: 0.9000000 (3)	total: 1.97s	remaining: 2.46s
89:	learn: 1.0000000	test: 0.9000000	best: 0.9000000 (3)	total: 1.99s	remaining: 2.43s
90:	learn: 1.0000000	test: 0.9000000	best: 0.9000000 (3)	total: 2.01s	remaining: 2.41s
91:	learn: 1.0000000	test: 0.9000000	best: 0.9000000 (3)	total: 2.04s	remaining: 2.39s
92:	learn: 1.0000000	test: 0.9000000	best: 0.9000000 (3)	total: 2.06s	remaining: 2.37s
93:	learn: 1.0000000	test: 0.9000000	best: 0.9000000 (3)	total: 2.08s	remaining: 2.34s
94:	learn: 1.0000000	test: 0.9000000	best: 0.9000000 (3)	total: 2.1s	remaining: 2.32s
95:	learn: 1.0000000	test: 0.9000000	best: 0.9000000 (3)	total: 2.12s	remaining: 2.29s
96:	learn: 1.0000000	test: 0.9000000	best: 0.9000000 (3)	total: 2.14s	remaining: 2.27s
97:	learn: 1.0000000	test: 0.9000000	best: 0.9000000 (3)	total: 2.16s	remaining: 2.25s
98:	learn: 1.0000000	test: 0.9000000	best: 0.9000000 (3)	total: 2.18s	remaining: 2.23s
99:	learn: 1.0000000	test: 0.9000000	best: 0.9000000 (3)	total: 2.2s	remaining: 2.2s
100:	learn: 1.0000000	test: 0.9000000	best: 0.9000000 (3)	total: 2.22s	remaining: 2.18s
101:	learn: 1.0000000	test: 0.9000000	best: 0.9000000 (3)	total: 2.24s	remaining: 2.16s
102:	learn: 1.0000000	test: 0.9000000	best: 0.9000000 (3)	total: 2.27s	remaining: 2.13s
103:	learn: 1.0000000	test: 0.9000000	best: 0.9000000 (3)	total: 2.29s	remaining: 2.11s
104:	learn: 1.0000000	test: 0.9000000	best: 0.9000000 (3)	total: 2.31s	remaining: 2.09s
105:	learn: 1.0000000	test: 0.9000000	best: 0.9000000 (3)	total: 2.33s	remaining: 2.06s
106:	learn: 1.0000000	test: 0.9000000	best: 0.9000000 (3)	total: 2.35s	remaining: 2.04s
107:	learn: 1.0000000	test: 0.9000000	best: 0.9000000 (3)	total: 2.37s	remaining: 2.02s
108:	learn: 1.0000000	test: 0.9000000	best: 0.9000000 (3)	total: 2.39s	remaining: 2s
109:	learn: 1.0000000	test: 0.9000000	best: 0.9000000 (3)	total: 2.41s	remaining: 1.97s
110:	learn: 1.0000000	test: 0.9000000	best: 0.9000000 (3)	total: 2.43s	remaining: 1.95s
111:	learn: 1.0000000	test: 0.9000000	best: 0.9000000 (3)	total: 2.46s	remaining: 1.93s
112:	learn: 1.0000000	test: 0.9000000	best: 0.9000000 (3)	total: 2.48s	remaining: 1.91s
113:	learn: 1.0000000	test: 0.9000000	best: 0.9000000 (3)	total: 2.5s	remaining: 1.88s
114:	learn: 1.0000000	test: 0.9000000	best: 0.9000000 (3)	total: 2.52s	remaining: 1.86s
115:	learn: 1.0000000	test: 0.9000000	best: 0.9000000 (3)	total: 2.54s	remaining: 1.84s
116:	learn: 1.0000000	test: 0.9000000	best: 0.9000000 (3)	total: 2.56s	remaining: 1.82s
117:	learn: 1.0000000	test: 0.9000000	best: 0.9000000 (3)	total: 2.58s	remaining: 1.79s
118:	learn: 1.0000000	test: 0.9000000	best: 0.9000000 (3)	total: 2.6s	remaining: 1.77s
119:	learn: 1.0000000	test: 0.9000000	best: 0.9000000 (3)	total: 2.62s	remaining: 1.75s
120:	learn: 1.0000000	test: 0.9000000	best: 0.9000000 (3)	total: 2.64s	remaining: 1.73s
121:	learn: 1.0000000	test: 0.9000000	best: 0.9000000 (3)	total: 2.67s	remaining: 1.7s
122:	learn: 1.0000000	test: 0.9000000	best: 0.9000000 (3)	total: 2.69s	remaining: 1.68s
123:	learn: 1.0000000	test: 0.9000000	best: 0.9000000 (3)	total: 2.71s	remaining: 1.66s
124:	learn: 1.0000000	test: 0.9000000	best: 0.9000000 (3)	total: 2.73s	remaining: 1.64s
125:	learn: 1.0000000	test: 0.9000000	best: 0.9000000 (3)	total: 2.75s	remaining: 1.61s
126:	learn: 1.0000000	test: 0.9000000	best: 0.9000000 (3)	total: 2.77s	remaining: 1.59s
127:	learn: 1.0000000	test: 0.9000000	best: 0.9000000 (3)	total: 2.79s	remaining: 1.57s
128:	learn: 1.0000000	test: 0.9000000	best: 0.9000000 (3)	total: 2.81s	remaining: 1.55s
129:	learn: 1.0000000	test: 0.9000000	best: 0.9000000 (3)	total: 2.83s	remaining: 1.52s
130:	learn: 1.0000000	test: 0.9000000	best: 0.9000000 (3)	total: 2.85s	remaining: 1.5s
131:	learn: 1.0000000	test: 0.9000000	best: 0.9000000 (3)	total: 2.88s	remaining: 1.48s
132:	learn: 1.0000000	test: 0.9000000	best: 0.9000000 (3)	total: 2.9s	remaining: 1.46s
133:	learn: 1.0000000	test: 0.9000000	best: 0.9000000 (3)	total: 2.92s	remaining: 1.44s
134:	learn: 1.0000000	test: 0.9000000	best: 0.9000000 (3)	total: 2.94s	remaining: 1.41s
135:	learn: 1.0000000	test: 0.9000000	best: 0.9000000 (3)	total: 2.96s	remaining: 1.39s
136:	learn: 1.0000000	test: 0.9000000	best: 0.9000000 (3)	total: 2.98s	remaining: 1.37s
137:	learn: 1.0000000	test: 0.9000000	best: 0.9000000 (3)	total: 3s	remaining: 1.35s
138:	learn: 1.0000000	test: 0.9000000	best: 0.9000000 (3)	total: 3.02s	remaining: 1.33s
139:	learn: 1.0000000	test: 0.9000000	best: 0.9000000 (3)	total: 3.04s	remaining: 1.3s
140:	learn: 1.0000000	test: 0.9000000	best: 0.9000000 (3)	total: 3.06s	remaining: 1.28s
141:	learn: 1.0000000	test: 0.9000000	best: 0.9000000 (3)	total: 3.08s	remaining: 1.26s
142:	learn: 1.0000000	test: 0.9000000	best: 0.9000000 (3)	total: 3.1s	remaining: 1.24s
143:	learn: 1.0000000	test: 0.9000000	best: 0.9000000 (3)	total: 3.13s	remaining: 1.22s
144:	learn: 1.0000000	test: 0.9000000	best: 0.9000000 (3)	total: 3.15s	remaining: 1.19s
145:	learn: 1.0000000	test: 0.9000000	best: 0.9000000 (3)	total: 3.17s	remaining: 1.17s
146:	learn: 1.0000000	test: 0.9000000	best: 0.9000000 (3)	total: 3.19s	remaining: 1.15s
147:	learn: 1.0000000	test: 0.9000000	best: 0.9000000 (3)	total: 3.21s	remaining: 1.13s
148:	learn: 1.0000000	test: 0.9000000	best: 0.9000000 (3)	total: 3.23s	remaining: 1.1s
149:	learn: 1.0000000	test: 0.9000000	best: 0.9000000 (3)	total: 3.25s	remaining: 1.08s
150:	learn: 1.0000000	test: 0.9000000	best: 0.9000000 (3)	total: 3.27s	remaining: 1.06s
151:	learn: 1.0000000	test: 0.9000000	best: 0.9000000 (3)	total: 3.29s	remaining: 1.04s
152:	learn: 1.0000000	test: 0.9000000	best: 0.9000000 (3)	total: 3.31s	remaining: 1.02s
153:	learn: 1.0000000	test: 0.9000000	best: 0.9000000 (3)	total: 3.33s	remaining: 996ms
154:	learn: 1.0000000	test: 0.9000000	best: 0.9000000 (3)	total: 3.35s	remaining: 974ms
155:	learn: 1.0000000	test: 0.9000000	best: 0.9000000 (3)	total: 3.37s	remaining: 952ms
156:	learn: 1.0000000	test: 0.9000000	best: 0.9000000 (3)	total: 3.39s	remaining: 930ms
157:	learn: 1.0000000	test: 0.9000000	best: 0.9000000 (3)	total: 3.42s	remaining: 908ms
158:	learn: 1.0000000	test: 0.9000000	best: 0.9000000 (3)	total: 3.44s	remaining: 886ms
159:	learn: 1.0000000	test: 0.9000000	best: 0.9000000 (3)	total: 3.46s	remaining: 864ms
160:	learn: 1.0000000	test: 0.9000000	best: 0.9000000 (3)	total: 3.48s	remaining: 843ms
161:	learn: 1.0000000	test: 0.9000000	best: 0.9000000 (3)	total: 3.5s	remaining: 821ms
162:	learn: 1.0000000	test: 0.9000000	best: 0.9000000 (3)	total: 3.52s	remaining: 799ms
163:	learn: 1.0000000	test: 0.9000000	best: 0.9000000 (3)	total: 3.54s	remaining: 777ms
164:	learn: 1.0000000	test: 0.9000000	best: 0.9000000 (3)	total: 3.56s	remaining: 756ms
165:	learn: 1.0000000	test: 0.9000000	best: 0.9000000 (3)	total: 3.58s	remaining: 734ms
166:	learn: 1.0000000	test: 0.9000000	best: 0.9000000 (3)	total: 3.6s	remaining: 712ms
167:	learn: 1.0000000	test: 0.9000000	best: 0.9000000 (3)	total: 3.62s	remaining: 690ms
168:	learn: 1.0000000	test: 0.9000000	best: 0.9000000 (3)	total: 3.64s	remaining: 669ms
169:	learn: 1.0000000	test: 0.9000000	best: 0.9000000 (3)	total: 3.67s	remaining: 647ms
170:	learn: 1.0000000	test: 0.9000000	best: 0.9000000 (3)	total: 3.69s	remaining: 625ms
171:	learn: 1.0000000	test: 0.9000000	best: 0.9000000 (3)	total: 3.71s	remaining: 603ms
172:	learn: 1.0000000	test: 0.9000000	best: 0.9000000 (3)	total: 3.73s	remaining: 582ms
173:	learn: 1.0000000	test: 0.9000000	best: 0.9000000 (3)	total: 3.75s	remaining: 560ms
174:	learn: 1.0000000	test: 0.9000000	best: 0.9000000 (3)	total: 3.77s	remaining: 538ms
175:	learn: 1.0000000	test: 0.9000000	best: 0.9000000 (3)	total: 3.79s	remaining: 517ms
176:	learn: 1.0000000	test: 0.9000000	best: 0.9000000 (3)	total: 3.81s	remaining: 495ms
177:	learn: 1.0000000	test: 0.9000000	best: 0.9000000 (3)	total: 3.83s	remaining: 473ms
178:	learn: 1.0000000	test: 0.9000000	best: 0.9000000 (3)	total: 3.85s	remaining: 452ms
179:	learn: 1.0000000	test: 0.9000000	best: 0.9000000 (3)	total: 3.87s	remaining: 430ms
180:	learn: 1.0000000	test: 0.9000000	best: 0.9000000 (3)	total: 3.89s	remaining: 409ms
181:	learn: 1.0000000	test: 0.9000000	best: 0.9000000 (3)	total: 3.91s	remaining: 387ms
182:	learn: 1.0000000	test: 0.9000000	best: 0.9000000 (3)	total: 3.93s	remaining: 365ms
183:	learn: 1.0000000	test: 0.9000000	best: 0.9000000 (3)	total: 3.95s	remaining: 344ms
184:	learn: 1.0000000	test: 0.9000000	best: 0.9000000 (3)	total: 3.98s	remaining: 322ms
185:	learn: 1.0000000	test: 0.9000000	best: 0.9000000 (3)	total: 4s	remaining: 301ms
186:	learn: 1.0000000	test: 0.9000000	best: 0.9000000 (3)	total: 4.02s	remaining: 279ms
187:	learn: 1.0000000	test: 0.9000000	best: 0.9000000 (3)	total: 4.04s	remaining: 258ms
188:	learn: 1.0000000	test: 0.9000000	best: 0.9000000 (3)	total: 4.06s	remaining: 236ms
189:	learn: 1.0000000	test: 0.9000000	best: 0.9000000 (3)	total: 4.08s	remaining: 215ms
190:	learn: 1.0000000	test: 0.9000000	best: 0.9000000 (3)	total: 4.1s	remaining: 193ms
191:	learn: 1.0000000	test: 0.9000000	best: 0.9000000 (3)	total: 4.12s	remaining: 172ms
192:	learn: 1.0000000	test: 0.9000000	best: 0.9000000 (3)	total: 4.14s	remaining: 150ms
193:	learn: 1.0000000	test: 0.9000000	best: 0.9000000 (3)	total: 4.17s	remaining: 129ms
194:	learn: 1.0000000	test: 0.9000000	best: 0.9000000 (3)	total: 4.19s	remaining: 107ms
195:	learn: 1.0000000	test: 0.9000000	best: 0.9000000 (3)	total: 4.21s	remaining: 85.9ms
196:	learn: 1.0000000	test: 0.9000000	best: 0.9000000 (3)	total: 4.23s	remaining: 64.4ms
197:	learn: 1.0000000	test: 0.9000000	best: 0.9000000 (3)	total: 4.25s	remaining: 42.9ms
198:	learn: 1.0000000	test: 0.9000000	best: 0.9000000 (3)	total: 4.27s	remaining: 21.5ms
199:	learn: 1.0000000	test: 0.9000000	best: 0.9000000 (3)	total: 4.29s	remaining: 0us
bestTest = 0.9
bestIteration = 3
Shrink model to first 4 iterations.
